  A01 - Templated Queue.cpp
c:\users\jarrett\source\repos\igme.309.04\a01 - templated queue\queue.h(70): warning C4018: '<': signed/unsigned mismatch
  c:\users\jarrett\source\repos\igme.309.04\a01 - templated queue\queue.h(68): note: while compiling class template member function 'void Queue<Sword>::Print(void)'
  c:\users\jarrett\source\repos\igme.309.04\a01 - templated queue\a01 - templated queue.cpp(42): note: see reference to function template instantiation 'void Queue<Sword>::Print(void)' being compiled
  c:\users\jarrett\source\repos\igme.309.04\a01 - templated queue\a01 - templated queue.cpp(39): note: see reference to class template instantiation 'Queue<Sword>' being compiled
c:\users\jarrett\source\repos\igme.309.04\a01 - templated queue\queue.h(58): warning C4018: '<': signed/unsigned mismatch
  c:\users\jarrett\source\repos\igme.309.04\a01 - templated queue\queue.h(54): note: while compiling class template member function 'void Queue<Sword>::Push(T)'
          with
          [
              T=Sword
          ]
  c:\users\jarrett\source\repos\igme.309.04\a01 - templated queue\a01 - templated queue.cpp(41): note: see reference to function template instantiation 'void Queue<Sword>::Push(T)' being compiled
          with
          [
              T=Sword
          ]
c:\users\jarrett\source\repos\igme.309.04\a01 - templated queue\queue.h(36): warning C4018: '<': signed/unsigned mismatch
  c:\users\jarrett\source\repos\igme.309.04\a01 - templated queue\queue.h(29): note: while compiling class template member function 'Queue<Sword> &Queue<Sword>::operator =(Queue<Sword> &)'
  c:\users\jarrett\source\repos\igme.309.04\a01 - templated queue\a01 - templated queue.cpp(52): note: see reference to function template instantiation 'Queue<Sword> &Queue<Sword>::operator =(Queue<Sword> &)' being compiled
c:\users\jarrett\source\repos\igme.309.04\a01 - templated queue\queue.h(24): warning C4018: '<': signed/unsigned mismatch
  c:\users\jarrett\source\repos\igme.309.04\a01 - templated queue\queue.h(19): note: while compiling class template member function 'Queue<Sword>::Queue(Queue<Sword> *)'
  c:\users\jarrett\source\repos\igme.309.04\a01 - templated queue\a01 - templated queue.cpp(46): note: see reference to function template instantiation 'Queue<Sword>::Queue(Queue<Sword> *)' being compiled
c:\users\jarrett\source\repos\igme.309.04\a01 - templated queue\queue.h(46): warning C4018: '<': signed/unsigned mismatch
  c:\users\jarrett\source\repos\igme.309.04\a01 - templated queue\queue.h(42): note: while compiling class template member function 'void Queue<int>::Pop(void)'
  c:\users\jarrett\source\repos\igme.309.04\a01 - templated queue\a01 - templated queue.cpp(22): note: see reference to function template instantiation 'void Queue<int>::Pop(void)' being compiled
  A01 - Templated Queue.vcxproj -> C:\Users\Jarrett\Source\Repos\IGME.309.04\Debug\A01 - Templated Queue.exe
